<?xml version="1.0" encoding="UTF-8"?>
<testng-results skipped="0" failed="0" ignored="0" total="1" passed="1">
  <reporter-output>
  </reporter-output>
  <suite name="Default suite" duration-ms="36" started-at="2020-10-27T07:58:41Z" finished-at="2020-10-27T07:58:41Z">
    <groups>
    </groups>
    <test name="Default test" duration-ms="36" started-at="2020-10-27T07:58:41Z" finished-at="2020-10-27T07:58:41Z">
      <class name="com.ty.ChProj.B">
        <test-method status="PASS" signature="test()[pri:0, instance:com.ty.ChProj.B@5419f379]" name="test" duration-ms="12" started-at="2020-10-27T13:28:41Z" finished-at="2020-10-27T13:28:41Z">
          <reporter-output>
          </reporter-output>
        </test-method> <!-- test -->
      </class> <!-- com.ty.ChProj.B -->
    </test> <!-- Default test -->
  </suite> <!-- Default suite -->
</testng-results>
